1111110000000001000000111111
1111111010000010100010111111
1111110001001111111111111111
1111111111111110101011010111
0111111111111111111101101111
0111111111111111100000001111
0000111110011111010000001110
0110110001010000000110000101
0011000010110111010000110101
0110001011001001100011010000
1100001000000001001110000100
0011000010010001010110010001
0011011010010110100010010011
1001010100010001010000010000
1001101000001000111001000101
1100101000011011011010110000
0101000100101001001000111100
1011011001000111000000010011
0111000111010110001100000010
0000000000000010110001010011
1110110101110010011100101010
1000000011111000111111011111
1000000001010001110001111111
1101000101111110010100000111
1101001010100010001000000111
1110110000010000000000001111
1100100000000000100100001111
1111100100000000001001011111
--->
0000000100000001000000000000
0000001000000000001010000000
0000000000000000001000000000
0000000000000000000000000000
0000000000000000001101100000
0100000000000000000000000000
0000000000000000000000000000
1110000001000000001000010001
0000110110010111000100110000
0001000011111100011011010010
1001000011000011011000101000
0001111000001001010001001001
1100011010110010011110111011
1100000100010111001000101000
0011001100001110000101011001
0100101100001011000000000111
0001000100101000011101000110
1000001001010001001100110011
0101101111101000111000100100
0000101100011010100010110010
0100000000001100000000000000
0000000000001000000000000000
0000000000000011000001000000
0000000100001110010000110000
0001011110000010001000000000
0000110000000000000000000000
0000000000000000000000000000
0000000000000000000000000000
--->
0000000000000000000000000000
0000000000000000000100000000
0000000000000000000100000000
0000000000000000001100000000
0000000000000000000000000000
0000000000000000000000000000
0010000000000000000000000000
1100000010000010000000110000
1111100100010110010111011001
0001000000010000010011001000
0011010110000011000110101101
0111001010110101000011001010
0110000000110000010110101010
0000010010110001010000000010
0011010010010000000000111001
1000110010001011000100100001
0000010110101111110110101000
1011111000001000000011111001
1001100001001100101000001100
0011101001100001100001110000
0000000000000000000000000000
0000000000001010000000000000
0000000000001011000000100000
0000000110000000000000100000
0000010110000010000000000000
0000110100000000000000000000
0000000000000000000000000000
0000000000000000000000000000
--->
0000000000000000000000000000
0000000000000000000000000000
0000000000000000000110000000
0000000000000000001100000000
0000000000000000000000000000
0000000000000000000000000000
0100000000000000000000000000
0000000000000110000011111001
0001100000001110001100001001
0000001110001101100000000011
0100001111111011100100101010
1000101010111001101000101011
0101000100000010001110010011
0101100000001000101001101011
1001011110111011100000110011
1001010010001000001110101001
0100000111001000101100001000
1110001111000000001010100001
1000001001111101110010000101
0010110001100001110000111000
0001000000000001000000100000
0000000000000011000000000000
0000000000000011000000000000
0000001110000111000000000000
0000110000000000000000000000
0000110110000000000000000000
0000000000000000000000000000
0000000000000000000000000000
--->
0000000000000000000000000000
0000000000000000000000000000
0000000000000000001110000000
0000000000000000001110000000
0000000000000000000000000000
0000000000000000000000000000
0000000000000000000001110000
1000000000001010000111111000
1000000100000000000111101101
1000011000100000111100010011
0000000000000000000000000000
0110011000001000101011101000
0101010100001100101010001000
0101010010001010101011001000
0101011111001001101010001000
0110010000101000101011101110
0000000000000000000000000000
0010001000000101001011000011
0011001000011011001100101011
0001110001001000010001111000
0001100000000000000000100000
0000000000000000100000000000
0000000100000000100000000000
0000011100000101000000000000
0000100000000010000000000000
0000111000000000000000000000
0000000000000000000000000000
0000000000000000000000000000