000000000000000
000000000000000
000000000000000
000110111111000
000110111111000
000110000000000
000110000011000
000110000011000
000110000011000
000000000011000
000111111011000
000111111011000
000000000000000
000000000000000
000000000000000
--->
000000000000000
000000000000000
000000011110000
000110100001000
001000100001000
001000011000000
001001000011000
001001000100100
000110000100100
000000110000100
000100001000100
000100001011000
000011110000000
000000000000000
000000000000000
--->
000000000000000
000000001100000
000000011110000
000101101101000
001001100000000
011100110011000
011100101111000
001001000100100
000111101001110
000110011001110
000000001100100
000101101101000
000011110000000
000001100000000
000000000000000
--->
000000000000000
000000010010000
000000100000000
000011000000000
010000001101000
000010001001000
000011101000100
010000000000010
001000101110000
000100100010000
000101100000010
000000000110000
000000001000000
000010010000000
000000000000000
--->
000000000000000
000000000000000
000001100000000
000001000000000
000011001110000
000010001011100
000011010000100
000000101000000
001000010110000
001110100010000
000011100110000
000000000100000
000000001100000
000000000000000
000000000000000
--->
000000000000000
000000000000000
000001100000000
000000000100000
000011001010000
000100111010100
000011111100100
000001101100000
001001111110000
001010111001000
000010100110000
000001000000000
000000001100000
000000000000000
000000000000000
--->
000000000000000
000000000000000
000000000000000
000010100100000
000011101011000
000100000010000
000010000011000
000000000000000
000110000010000
000010000001000
000110101110000
000001001010000
000000000000000
000000000000000
000000000000000
--->
000000000000000
000000000000000
000000000000000
000010110110000
000110110011000
000100000000000
000000000011000
000110000011000
000110000000000
000000000001000
000110011011000
000011011010000
000000000000000
000000000000000
000000000000000
--->
000000000000000
000000000000000
000000000000000
000110111111000
000110111111000
000110000000000
000110000011000
000110000011000
000110000011000
000000000011000
000111111011000
000111111011000
000000000000000
000000000000000
000000000000000