000000000000000
000000010000000
000000010000000
000001101100000
000000000000000
000101000101000
000100000001000
011000000000110
000100000001000
000101000101000
000000000000000
000001101100000
000000010000000
000000010000000
000000000000000
--->
000000000000000
000000000000000
000000010000000
000000111000000
000011101110000
000010000010000
000110000011000
001100000001100
000110000011000
000010000010000
000011101110000
000000111000000
000000010000000
000000000000000
000000000000000
--->
000000000000000
000000000000000
000000111000000
000000000000000
000010101010000
000000000000000
001010000010100
001000000000100
001010000010100
000000000000000
000010101010000
000000000000000
000000111000000
000000000000000
000000000000000
--->
000000000000000
000000010000000
000000010000000
000001101100000
000000000000000
000101000101000
000100000001000
011000000000110
000100000001000
000101000101000
000000000000000
000001101100000
000000010000000
000000010000000
000000000000000